<?xml version="1.0" encoding="UTF-8"?>
<!-- Generated by org.testng.reporters.JUnitXMLReporter -->
<testsuite ignored="0" hostname="DESKTOP-O4TT44T" failures="0" tests="4" name="Default test" time="82.742" errors="0" timestamp="2025-09-09T11:46:05 IST">
  <testcase classname="tests.HomePageTest" name="verifyHomePageTitle" time="0.051"/>
  <testcase classname="tests.HomePageTest" name="verifyLoginLinkClickable" time="1.942"/>
  <testcase classname="tests.HomePageTest" name="verifySearchWorks" time="7.79"/>
  <testcase classname="tests.HomePageTest" name="verifyTwitterLink" time="4.498"/>
</testsuite> <!-- Default test -->
