<?xml version="1.0" encoding="UTF-8"?>
<!-- Generated by org.testng.reporters.JUnitXMLReporter -->
<testsuite ignored="0" hostname="DESKTOP-O4TT44T" failures="0" tests="2" name="LoginFeatureTest" time="234.414" errors="0" timestamp="2025-09-07T21:09:05 IST">
  <testcase classname="io.cucumber.testng.AbstractTestNGCucumberTests" name="runScenario" time="158.572"/>
  <testcase classname="io.cucumber.testng.AbstractTestNGCucumberTests" name="runScenario" time="75.215"/>
</testsuite> <!-- LoginFeatureTest -->
