<?xml version="1.0" encoding="UTF-8"?>
<testng-results ignored="0" total="2" passed="2" failed="0" skipped="0">
  <reporter-output>
  </reporter-output>
  <suite started-at="2025-09-07T23:24:08 IST" name="Default suite" finished-at="2025-09-07T23:27:56 IST" duration-ms="228248">
    <groups>
    </groups>
    <test started-at="2025-09-07T23:24:08 IST" name="Default test" finished-at="2025-09-07T23:27:56 IST" duration-ms="228248">
      <class name="tests.CheckoutTest">
        <test-method is-config="true" signature="setUp()[pri:0, instance:tests.CheckoutTest@682b2fa]" started-at="2025-09-07T23:24:08 IST" name="setUp" finished-at="2025-09-07T23:24:13 IST" duration-ms="4507" status="PASS">
          <reporter-output>
          </reporter-output>
        </test-method> <!-- setUp -->
        <test-method signature="checkoutAsGuestWithCreditCard()[pri:0, instance:tests.CheckoutTest@682b2fa]" started-at="2025-09-07T23:24:13 IST" name="checkoutAsGuestWithCreditCard" finished-at="2025-09-07T23:25:52 IST" duration-ms="99736" status="PASS">
          <reporter-output>
          </reporter-output>
        </test-method> <!-- checkoutAsGuestWithCreditCard -->
        <test-method is-config="true" signature="tearDown()[pri:0, instance:tests.CheckoutTest@682b2fa]" started-at="2025-09-07T23:25:52 IST" name="tearDown" finished-at="2025-09-07T23:25:53 IST" duration-ms="245" status="PASS">
          <reporter-output>
          </reporter-output>
        </test-method> <!-- tearDown -->
        <test-method is-config="true" signature="setUp()[pri:0, instance:tests.CheckoutTest@682b2fa]" started-at="2025-09-07T23:25:53 IST" name="setUp" finished-at="2025-09-07T23:25:56 IST" duration-ms="3505" status="PASS">
          <reporter-output>
          </reporter-output>
        </test-method> <!-- setUp -->
        <test-method signature="downloadInvoiceAfterCheckout()[pri:0, instance:tests.CheckoutTest@682b2fa]" started-at="2025-09-07T23:25:56 IST" name="downloadInvoiceAfterCheckout" finished-at="2025-09-07T23:27:56 IST" duration-ms="119983" status="PASS">
          <reporter-output>
          </reporter-output>
        </test-method> <!-- downloadInvoiceAfterCheckout -->
        <test-method is-config="true" signature="tearDown()[pri:0, instance:tests.CheckoutTest@682b2fa]" started-at="2025-09-07T23:27:56 IST" name="tearDown" finished-at="2025-09-07T23:27:56 IST" duration-ms="215" status="PASS">
          <reporter-output>
          </reporter-output>
        </test-method> <!-- tearDown -->
      </class> <!-- tests.CheckoutTest -->
    </test> <!-- Default test -->
  </suite> <!-- Default suite -->
</testng-results>
