<?xml version="1.0" encoding="UTF-8"?>
<testng-results ignored="0" total="4" passed="4" failed="0" skipped="0">
  <reporter-output>
  </reporter-output>
  <suite started-at="2025-09-09T11:44:42 IST" name="Default suite" finished-at="2025-09-09T11:46:05 IST" duration-ms="82742">
    <groups>
    </groups>
    <test started-at="2025-09-09T11:44:42 IST" name="Default test" finished-at="2025-09-09T11:46:05 IST" duration-ms="82742">
      <class name="tests.HomePageTest">
        <test-method is-config="true" signature="setUp()[pri:0, instance:tests.HomePageTest@229f66ed]" started-at="2025-09-09T11:44:42 IST" name="setUp" finished-at="2025-09-09T11:44:46 IST" duration-ms="4200" status="PASS">
          <reporter-output>
          </reporter-output>
        </test-method> <!-- setUp -->
        <test-method signature="verifyHomePageTitle()[pri:0, instance:tests.HomePageTest@229f66ed]" started-at="2025-09-09T11:44:46 IST" name="verifyHomePageTitle" finished-at="2025-09-09T11:44:46 IST" duration-ms="51" status="PASS">
          <reporter-output>
          </reporter-output>
        </test-method> <!-- verifyHomePageTitle -->
        <test-method is-config="true" signature="tearDown()[pri:0, instance:tests.HomePageTest@229f66ed]" started-at="2025-09-09T11:44:46 IST" name="tearDown" finished-at="2025-09-09T11:44:47 IST" duration-ms="214" status="PASS">
          <reporter-output>
          </reporter-output>
        </test-method> <!-- tearDown -->
        <test-method is-config="true" signature="setUp()[pri:0, instance:tests.HomePageTest@229f66ed]" started-at="2025-09-09T11:44:47 IST" name="setUp" finished-at="2025-09-09T11:45:13 IST" duration-ms="26171" status="PASS">
          <reporter-output>
          </reporter-output>
        </test-method> <!-- setUp -->
        <test-method signature="verifyLoginLinkClickable()[pri:0, instance:tests.HomePageTest@229f66ed]" started-at="2025-09-09T11:45:13 IST" name="verifyLoginLinkClickable" finished-at="2025-09-09T11:45:15 IST" duration-ms="1942" status="PASS">
          <reporter-output>
          </reporter-output>
        </test-method> <!-- verifyLoginLinkClickable -->
        <test-method is-config="true" signature="tearDown()[pri:0, instance:tests.HomePageTest@229f66ed]" started-at="2025-09-09T11:45:15 IST" name="tearDown" finished-at="2025-09-09T11:45:15 IST" duration-ms="211" status="PASS">
          <reporter-output>
          </reporter-output>
        </test-method> <!-- tearDown -->
        <test-method is-config="true" signature="setUp()[pri:0, instance:tests.HomePageTest@229f66ed]" started-at="2025-09-09T11:45:15 IST" name="setUp" finished-at="2025-09-09T11:45:49 IST" duration-ms="34372" status="PASS">
          <reporter-output>
          </reporter-output>
        </test-method> <!-- setUp -->
        <test-method signature="verifySearchWorks()[pri:0, instance:tests.HomePageTest@229f66ed]" started-at="2025-09-09T11:45:49 IST" name="verifySearchWorks" finished-at="2025-09-09T11:45:57 IST" duration-ms="7790" status="PASS">
          <reporter-output>
          </reporter-output>
        </test-method> <!-- verifySearchWorks -->
        <test-method is-config="true" signature="tearDown()[pri:0, instance:tests.HomePageTest@229f66ed]" started-at="2025-09-09T11:45:57 IST" name="tearDown" finished-at="2025-09-09T11:45:57 IST" duration-ms="281" status="PASS">
          <reporter-output>
          </reporter-output>
        </test-method> <!-- tearDown -->
        <test-method is-config="true" signature="setUp()[pri:0, instance:tests.HomePageTest@229f66ed]" started-at="2025-09-09T11:45:57 IST" name="setUp" finished-at="2025-09-09T11:46:00 IST" duration-ms="2539" status="PASS">
          <reporter-output>
          </reporter-output>
        </test-method> <!-- setUp -->
        <test-method signature="verifyTwitterLink()[pri:0, instance:tests.HomePageTest@229f66ed]" started-at="2025-09-09T11:46:00 IST" name="verifyTwitterLink" finished-at="2025-09-09T11:46:04 IST" duration-ms="4498" status="PASS">
          <reporter-output>
          </reporter-output>
        </test-method> <!-- verifyTwitterLink -->
        <test-method is-config="true" signature="tearDown()[pri:0, instance:tests.HomePageTest@229f66ed]" started-at="2025-09-09T11:46:04 IST" name="tearDown" finished-at="2025-09-09T11:46:05 IST" duration-ms="422" status="PASS">
          <reporter-output>
          </reporter-output>
        </test-method> <!-- tearDown -->
      </class> <!-- tests.HomePageTest -->
    </test> <!-- Default test -->
  </suite> <!-- Default suite -->
</testng-results>
