<?xml version="1.0" encoding="UTF-8"?>
<!-- Generated by org.testng.reporters.JUnitXMLReporter -->
<testsuite ignored="0" hostname="DESKTOP-O4TT44T" failures="0" tests="3" name="HomePage Tests" time="302.731" errors="0" timestamp="2025-09-06T20:41:36 IST">
  <testcase classname="tests.HomePageTest" name="verifyHomePageTitle" time="0.024"/>
  <testcase classname="tests.HomePageTest" name="verifyLoginLinkClickable" time="2.112"/>
  <testcase classname="tests.HomePageTest" name="verifySearchWorks" time="123.004"/>
</testsuite> <!-- HomePage Tests -->
