<?xml version="1.0" encoding="UTF-8"?>
<testng-results ignored="0" total="2" passed="2" failed="0" skipped="0">
  <reporter-output>
  </reporter-output>
  <suite started-at="2025-09-09T14:53:57 IST" name="Surefire suite" finished-at="2025-09-09T14:57:00 IST" duration-ms="183357">
    <groups>
    </groups>
    <test started-at="2025-09-09T14:53:57 IST" name="Surefire test" finished-at="2025-09-09T14:57:00 IST" duration-ms="183357">
      <class name="tests.LoginTest">
        <test-method is-config="true" signature="setUp()[pri:0, instance:tests.LoginTest@3b2da18f]" started-at="2025-09-09T14:53:57 IST" name="setUp" finished-at="2025-09-09T14:54:05 IST" duration-ms="8222" status="PASS">
          <reporter-output>
          </reporter-output>
        </test-method> <!-- setUp -->
        <test-method signature="loginWithWrongCredentialsTest()[pri:0, instance:tests.LoginTest@3b2da18f]" started-at="2025-09-09T14:54:05 IST" name="loginWithWrongCredentialsTest" finished-at="2025-09-09T14:54:10 IST" duration-ms="4494" status="PASS">
          <reporter-output>
          </reporter-output>
        </test-method> <!-- loginWithWrongCredentialsTest -->
        <test-method is-config="true" signature="tearDown()[pri:0, instance:tests.LoginTest@3b2da18f]" started-at="2025-09-09T14:54:10 IST" name="tearDown" finished-at="2025-09-09T14:54:10 IST" duration-ms="191" status="PASS">
          <reporter-output>
          </reporter-output>
        </test-method> <!-- tearDown -->
        <test-method is-config="true" signature="setUp()[pri:0, instance:tests.LoginTest@3b2da18f]" started-at="2025-09-09T14:54:10 IST" name="setUp" finished-at="2025-09-09T14:54:12 IST" duration-ms="1521" status="PASS">
          <reporter-output>
          </reporter-output>
        </test-method> <!-- setUp -->
        <test-method signature="registerLogoutLoginTest()[pri:0, instance:tests.LoginTest@3b2da18f]" started-at="2025-09-09T14:54:12 IST" name="registerLogoutLoginTest" finished-at="2025-09-09T14:57:00 IST" duration-ms="168677" status="PASS">
          <reporter-output>
          </reporter-output>
        </test-method> <!-- registerLogoutLoginTest -->
        <test-method is-config="true" signature="tearDown()[pri:0, instance:tests.LoginTest@3b2da18f]" started-at="2025-09-09T14:57:00 IST" name="tearDown" finished-at="2025-09-09T14:57:00 IST" duration-ms="199" status="PASS">
          <reporter-output>
          </reporter-output>
        </test-method> <!-- tearDown -->
      </class> <!-- tests.LoginTest -->
    </test> <!-- Surefire test -->
  </suite> <!-- Surefire suite -->
</testng-results>
