<?xml version="1.0" encoding="UTF-8"?>
<!-- Generated by org.testng.reporters.JUnitXMLReporter -->
<testsuite ignored="0" hostname="DESKTOP-O4TT44T" failures="0" tests="3" name="HomePage Tests" time="27.676" errors="0" timestamp="2025-09-06T11:50:47 IST">
  <testcase classname="tests.HomePageTest" name="verifyHomePageTitle" time="0.029"/>
  <testcase classname="tests.HomePageTest" name="verifyLoginLinkClickable" time="1.1"/>
  <testcase classname="tests.HomePageTest" name="verifySearchWorks" time="1.766"/>
</testsuite> <!-- HomePage Tests -->
